[2021-07-20T20:31:56.111] [DEBUG] cheese - login => username:admin,password:123
[2021-07-20T20:31:56.112] [DEBUG] cheese - admin
[2021-07-20T20:31:56.203] [DEBUG] cheese - { inspect: [Function: inspect] }
[2021-07-20T20:31:56.204] [DEBUG] cheese - 查询失败
[2021-07-20T21:24:34.511] [DEBUG] cheese - login => username:admin,password:123
[2021-07-20T21:24:34.512] [DEBUG] cheese - admin
[2021-07-20T21:24:44.723] [DEBUG] cheese - { inspect: [Function: inspect] }
[2021-07-20T21:24:44.724] [DEBUG] cheese - 查询失败
[2021-07-20T21:25:06.815] [DEBUG] cheese - login => username:admin,password:123456
[2021-07-20T21:25:06.817] [DEBUG] cheese - admin
[2021-07-20T21:25:06.904] [DEBUG] cheese - { inspect: [Function: inspect] }
[2021-07-20T21:25:06.905] [DEBUG] cheese - 查询失败
[2021-07-20T21:25:18.820] [DEBUG] cheese - login => username:admin,password:123456
[2021-07-20T21:25:18.820] [DEBUG] cheese - admin
[2021-07-20T21:25:18.903] [DEBUG] cheese - { inspect: [Function: inspect] }
[2021-07-20T21:25:18.903] [DEBUG] cheese - 查询失败
[2021-07-20T21:25:30.069] [DEBUG] cheese - login => username:admin,password:123456
[2021-07-20T21:25:30.069] [DEBUG] cheese - admin
[2021-07-20T21:25:30.156] [DEBUG] cheese - { inspect: [Function: inspect] }
[2021-07-20T21:25:30.157] [DEBUG] cheese - 查询失败
[2021-07-20T21:26:02.891] [DEBUG] cheese - login => username:admin,password:123456
[2021-07-20T21:26:02.891] [DEBUG] cheese - admin
[2021-07-20T21:26:02.984] [DEBUG] cheese - null
[2021-07-20T21:26:02.984] [DEBUG] cheese - null
